0 info it worked if it ends with ok
1 verbose cli [ 'D:\\node\\node\\node.exe',
1 verbose cli   'D:\\node_modules\\npm\\bin\\npm-cli.js',
1 verbose cli   'run',
1 verbose cli   'dev' ]
2 info using npm@6.10.0
3 info using node@v10.14.1
4 verbose run-script [ 'predev', 'dev', 'postdev' ]
5 info lifecycle demo@1.0.0~predev: demo@1.0.0
6 info lifecycle demo@1.0.0~dev: demo@1.0.0
7 verbose lifecycle demo@1.0.0~dev: unsafe-perm in lifecycle true
8 verbose lifecycle demo@1.0.0~dev: PATH: D:\node_modules\npm\node_modules\npm-lifecycle\node-gyp-bin;D:\dingziling\web\daily\node_modules\.bin;C:\ProgramData\Oracle\Java\javapath;C:\Program Files (x86)\Intel\Intel(R) Management Engine Components\iCLS\;C:\Program Files\Intel\Intel(R) Management Engine Components\iCLS\;C:\Windows\system32;C:\Windows;C:\Windows\System32\Wbem;C:\Windows\System32\WindowsPowerShell\v1.0\;C:\Program Files (x86)\Intel\Intel(R) Management Engine Components\DAL;C:\Program Files\Intel\Intel(R) Management Engine Components\DAL;C:\Program Files (x86)\Intel\Intel(R) Management Engine Components\IPT;C:\Program Files\Intel\Intel(R) Management Engine Components\IPT;C:\Program Files (x86)\NVIDIA Corporation\PhysX\Common;C:\Program Files\Java\jdk1.7.0_51\bin;C:\Program Files\Java\jdk1.7.0_51\jre\bin;C:\Program Files\TortoiseSVN\bin;C:\WINDOWS\system32;C:\WINDOWS;C:\WINDOWS\System32\Wbem;C:\WINDOWS\System32\WindowsPowerShell\v1.0\;C:\WINDOWS\System32\OpenSSH\;D:\开发工具\Git\cmd;D:\;发工具\Microsoft VS Code\bin;%M;SQL_HOME%\bin;D:\;D:\node\node\;C:\Program Files\Git\cmd;D:\开发工具\Microsoft VS Code\bin;C:\Python27;C:\Python27\Scripts;C:\Users\20180509\AppData\Local\Microsoft\WindowsApps;;d:\Program Files (x86)\SSH Communications Security\SSH Secure Shell;D:\开发工具\Microsoft VS Code\bin;C:\Users\20180509\AppData\Roaming\npm;D:\dingziling\pycharm\PyCharm 2018.3.3\bin;
9 verbose lifecycle demo@1.0.0~dev: CWD: D:\dingziling\web\daily
10 silly lifecycle demo@1.0.0~dev: Args: [ '/d /s /c',
10 silly lifecycle   'webpack-dev-server --open --config webpack.config.js' ]
11 silly lifecycle demo@1.0.0~dev: Returned: code: 1  signal: null
12 info lifecycle demo@1.0.0~dev: Failed to exec dev script
13 verbose stack Error: demo@1.0.0 dev: `webpack-dev-server --open --config webpack.config.js`
13 verbose stack Exit status 1
13 verbose stack     at EventEmitter.<anonymous> (D:\node_modules\npm\node_modules\npm-lifecycle\index.js:301:16)
13 verbose stack     at EventEmitter.emit (events.js:182:13)
13 verbose stack     at ChildProcess.<anonymous> (D:\node_modules\npm\node_modules\npm-lifecycle\lib\spawn.js:55:14)
13 verbose stack     at ChildProcess.emit (events.js:182:13)
13 verbose stack     at maybeClose (internal/child_process.js:962:16)
13 verbose stack     at Process.ChildProcess._handle.onexit (internal/child_process.js:251:5)
14 verbose pkgid demo@1.0.0
15 verbose cwd D:\dingziling\web\daily
16 verbose Windows_NT 10.0.17134
17 verbose argv "D:\\node\\node\\node.exe" "D:\\node_modules\\npm\\bin\\npm-cli.js" "run" "dev"
18 verbose node v10.14.1
19 verbose npm  v6.10.0
20 error code ELIFECYCLE
21 error errno 1
22 error demo@1.0.0 dev: `webpack-dev-server --open --config webpack.config.js`
22 error Exit status 1
23 error Failed at the demo@1.0.0 dev script.
23 error This is probably not a problem with npm. There is likely additional logging output above.
24 verbose exit [ 1, true ]
