0 info it worked if it ends with ok
1 verbose cli [ 'D:\\node\\node\\node.exe',
1 verbose cli   'D:\\node_modules\\npm\\bin\\npm-cli.js',
1 verbose cli   'install',
1 verbose cli   'axios',
1 verbose cli   '--save' ]
2 info using npm@6.10.0
3 info using node@v10.14.1
4 verbose npm-session c5245af58331272c
5 silly install loadCurrentTree
6 silly install readLocalPackageData
7 silly fetchPackageMetaData error for axios@latest request to https://registry.npmjs.org/axios failed, reason: connect ETIMEDOUT 104.16.26.35:443
8 timing stage:rollbackFailedOptional Completed in 1ms
9 timing stage:runTopLevelLifecycles Completed in 134407ms
10 verbose type system
11 verbose stack FetchError: request to https://registry.npmjs.org/axios failed, reason: connect ETIMEDOUT 104.16.26.35:443
11 verbose stack     at ClientRequest.req.on.err (D:\node_modules\npm\node_modules\node-fetch-npm\src\index.js:68:14)
11 verbose stack     at ClientRequest.emit (events.js:182:13)
11 verbose stack     at TLSSocket.socketErrorListener (_http_client.js:391:9)
11 verbose stack     at TLSSocket.emit (events.js:182:13)
11 verbose stack     at emitErrorNT (internal/streams/destroy.js:82:8)
11 verbose stack     at emitErrorAndCloseNT (internal/streams/destroy.js:50:3)
11 verbose stack     at process._tickCallback (internal/process/next_tick.js:63:19)
12 verbose cwd D:\dingziling\web\daily
13 verbose Windows_NT 10.0.17134
14 verbose argv "D:\\node\\node\\node.exe" "D:\\node_modules\\npm\\bin\\npm-cli.js" "install" "axios" "--save"
15 verbose node v10.14.1
16 verbose npm  v6.10.0
17 error code ETIMEDOUT
18 error errno ETIMEDOUT
19 error network request to https://registry.npmjs.org/axios failed, reason: connect ETIMEDOUT 104.16.26.35:443
20 error network This is a problem related to network connectivity.
20 error network In most cases you are behind a proxy or have bad network settings.
20 error network
20 error network If you are behind a proxy, please make sure that the
20 error network 'proxy' config is set properly.  See: 'npm help config'
21 verbose exit [ 1, true ]
